
Session Start: Tue Jan 09 00:00:00 2007
Session Ident: #opers
(02:09:52)   º( Part )º( Strange )º( dana@xXx-3B306654 )º
Session Close: Tue Jan 09 02:09:53 2007

Session Start: Tue Jan 09 04:38:04 2007
Session Ident: #opers
(04:38:04)   º( Join )º( Strange )º( dana@xXx-3B306654 )º
(04:38:04)   º( Auto Setup )º( #opers )º( HALTED )º( Rumble Mode )º( ON )º
(04:38:04)   º( Speed )º( Join )º( #opers )º( Synched in: )º( 0.171 secs )º
(04:38:04)  º(COS)º( Server Notice )º( Your nick!user@host-mask is now (Strange!author@cos.selfip.biz) - To disable ident set change it manually by /setident'ing again )º
(04:38:04)  º(DALnet)º( Server Notice )º( *** Got Ident response )º
(04:38:05)  º(DALnet)º( Server Info )º( There are 138 users and 32903 invisible on 40 servers )º
(04:38:05)  º(DALnet)º( Server Info )º( 87 IRC Operators online )º
(04:38:05)  º(DALnet)º( Server Info )º( 15769 channels formed )º
(04:38:05)  º(DALnet)º( Server Info )º( I have 3081 clients and 1 servers )º
(04:38:05)  º(DALnet)º( Server Info )º( Current local users: 3081 Max: 3885 )º
(04:38:05)  º(DALnet)º( Server Info )º( Current global users: 33041 Max: 44822 )º
(04:38:05)  º(DALnet)º( Server Notice )º( *** Notice -- motd was last changed at 19/2/2005 14:03 )º
(04:38:05) NOTICE(DALnet): º( NickServ )º  This nick is owned by someone else. Please choose another.
(04:38:05) NOTICE(DALnet): º( NickServ )º  If this is your nick, type: /msg NickServ@services.dal.net IDENTIFY <password>
(04:38:05) NOTICE(DALnet): º( NickServ )º  Your nick will be changed in 60 seconds if you do not comply.
(04:38:06)  º(DALnet)º( Server Connect Count )º( 16540 )º( Using: )º( StrangeScript v6.21.12.19.2006 )º
(04:38:06)  º(DALnet)º( Auto-Identify )º( ON )º( You are being Auto-Identified using )º( ripmeagain )º
(04:38:06)  º(DALnet)º( Server )º( Set at )º( DALnet )º
(04:38:06)  º(DALnet)º( Rumble Mode )º( ON )º
(04:49:44)   º( Part )º( Strange )º( dana@xXx-3B306654 )º
Session Close: Tue Jan 09 04:49:44 2007
