
Session Start: Mon Jan 08 03:42:24 2007
Session Ident: #opers
(03:42:24)   º( Join )º( Strange )º( dana@xXx-3B306654 )º
(03:42:24)   º( Auto Setup )º( #opers )º( HALTED )º( Rumble Mode )º( ON )º
(03:42:24)   º( Speed )º( Join )º( #opers )º( Synched in: )º( 0.063 secs )º
(03:42:24)  º(COS)º( Server Notice )º( Your nick!user@host-mask is now (Strange!author@cos.selfip.biz) - To disable ident set change it manually by /setident'ing again )º
(03:42:24)  º(DALnet)º( Server Notice )º( *** Got Ident response )º
(03:42:25)  º(DALnet)º( Server Info )º( There are 130 users and 33842 invisible on 40 servers )º
(03:42:25)  º(DALnet)º( Server Info )º( 89 IRC Operators online )º
(03:42:25)  º(DALnet)º( Server Info )º( 15746 channels formed )º
(03:42:25)  º(DALnet)º( Server Info )º( I have 10557 clients and 1 servers )º
(03:42:25)  º(DALnet)º( Server Info )º( Current local users: 10557 Max: 12719 )º
(03:42:25)  º(DALnet)º( Server Info )º( Current global users: 33972 Max: 44818 )º
(03:42:25)  º(DALnet)º( Server Notice )º( *** Notice -- motd was last changed at 20/10/2006 19:06 )º
(03:42:25) NOTICE(DALnet): º( NickServ )º  This nick is owned by someone else. Please choose another.
(03:42:25) NOTICE(DALnet): º( NickServ )º  If this is your nick, type: /msg NickServ@services.dal.net IDENTIFY <password>
(03:42:25) NOTICE(DALnet): º( NickServ )º  Your nick will be changed in 60 seconds if you do not comply.
(03:42:25)  º(DALnet)º( Server Connect Count )º( 16536 )º( Using: )º( StrangeScript v6.21.12.19.2006 )º
(03:42:25)  º(DALnet)º( Auto-Identify )º( ON )º( You are being Auto-Identified using )º( ripmeagain )º
(03:42:25)  º(DALnet)º( Server )º( Set at )º( DALnet )º
(03:42:25)  º(DALnet)º( Rumble Mode )º( ON )º
(03:42:27)  º(COS)º( Watch Info )º( You have 10 and are on 1 WATCH entries )º
(03:42:28)   º( Part )º( Strange )º( dana@xXx-3B306654 )º
Session Close: Mon Jan 08 03:42:28 2007

Session Start: Mon Jan 08 23:35:58 2007
Session Ident: #opers
(23:35:58)   º( Join )º( Strange )º( dana@xXx-3B306654 )º
(23:35:58)   º( Auto Setup )º( #opers )º( HALTED )º( Rumble Mode )º( ON )º
(23:35:58)   º( Speed )º( Join )º( #opers )º( Synched in: )º( 0.046 secs )º
Session Close: Tue Jan 09 00:00:00 2007
