Session Start: Tue Nov 12 22:15:13 2002
[22:15] *** Now talking in My_mIRCStats_updates
[22:15] <#Mystical.Strange> mIRCStats updated (50986 lines, 8 days analyzed, 1 nicks in stats).
[22:57] <#Mystical.Strange> mIRCStats updated (51439 lines, 8 days analyzed, 1 nicks in stats).
[23:05] <#Mystical> mIRCStats updated (29 lines, 1 days analyzed, 1 nicks in stats).
[23:05] <#Mystical> mIRCStats updated (29 lines, 1 days analyzed, 1 nicks in stats).
[23:08] <#Mystical> mIRCStats updated (36 lines, 1 days analyzed, 4 nicks in stats).
[23:47] <#Mystical> mIRCStats updated (121 lines, 1 days analyzed, 10 nicks in stats).
[23:48] <#Mystical> mIRCStats updated (122 lines, 1 days analyzed, 9 nicks in stats).
[23:52] <#Mystical> mIRCStats updated (122 lines, 1 days analyzed, 9 nicks in stats).
Session Time: Wed Nov 13 08:21:17 2002
[08:21] <#Mystical> mIRCStats updated (895 lines, 2 days analyzed, 28 nicks in stats).
[16:59] <#Mystical> mIRCStats updated (1580 lines, 2 days analyzed, 39 nicks in stats).
[23:57] <#Mystical> mIRCStats updated (5351 lines, 2 days analyzed, 55 nicks in stats).
Session Time: Thu Nov 14 00:00:33 2002
[00:00] <#Mystical> mIRCStats updated (5656 lines, 2 days analyzed, 56 nicks in stats).
[00:01] <#Mystical> mIRCStats updated (5657 lines, 3 days analyzed, 54 nicks in stats).
[00:09] <#Mystical> mIRCStats updated (5740 lines, 3 days analyzed, 55 nicks in stats).
[00:21] <#Mystical> mIRCStats updated (5848 lines, 3 days analyzed, 55 nicks in stats).
[00:44] <#Mystical> mIRCStats updated (6195 lines, 3 days analyzed, 57 nicks in stats).
[07:54] <#Mystical> mIRCStats updated (7034 lines, 3 days analyzed, 69 nicks in stats).
[10:16] <#Mystical> mIRCStats updated (7372 lines, 3 days analyzed, 70 nicks in stats).
[10:44] <#Mystical> mIRCStats updated (7819 lines, 3 days analyzed, 79 nicks in stats). Automode ON.
[12:54] <#Mystical> mIRCStats updated (8798 lines, 3 days analyzed, 80 nicks in stats). Automode ON.
[12:57] <#Mystical> mIRCStats updated (8807 lines, 3 days analyzed, 80 nicks in stats).
[12:57] <#Mystical> mIRCStats updated (8822 lines, 3 days analyzed, 80 nicks in stats).
[17:08] <#Mystical> mIRCStats updated (11452 lines, 3 days analyzed, 85 nicks in stats). Automode ON.
[18:53] <#Mystical> mIRCStats updated (12768 lines, 3 days analyzed, 87 nicks in stats). Automode ON.
[18:59] <#House-of-Insults> mIRCStats updated (315 lines, 1 days analyzed, 4 nicks in stats). Automode ON.
[19:01] <#House-of-Insults> mIRCStats updated (317 lines, 1 days analyzed, 4 nicks in stats). Automode ON.
Session Time: Fri Nov 15 07:36:12 2002
[07:36] <#Mystical> mIRCStats updated (18509 lines, 4 days analyzed, 102 nicks in stats). Automode ON.
[11:02] <#Mystical> mIRCStats updated (19922 lines, 4 days analyzed, 105 nicks in stats). Automode ON.
[22:48] <#Mystical> mIRCStats updated (26636 lines, 4 days analyzed, 121 nicks in stats). Automode ON.
Session Time: Sat Nov 16 14:13:11 2002
[14:13] <#Mystical> mIRCStats updated (34394 lines, 5 days analyzed, 140 nicks in stats). Automode ON.
[16:30] <#Mystical> mIRCStats updated (34773 lines, 5 days analyzed, 141 nicks in stats). Automode ON.
[19:52] <#Mystical> mIRCStats updated (35556 lines, 5 days analyzed, 145 nicks in stats). Automode ON.
Session Time: Sun Nov 17 01:21:38 2002
[01:21] <#Mystical> mIRCStats updated (37528 lines, 6 days analyzed, 148 nicks in stats). Automode ON.
[04:22] <#Mystical> mIRCStats updated (38230 lines, 6 days analyzed, 149 nicks in stats). Automode ON.
[12:30] <#Mystical> mIRCStats updated (39493 lines, 6 days analyzed, 153 nicks in stats). Automode ON.
[20:48] <#Mystical> mIRCStats updated (44176 lines, 6 days analyzed, 159 nicks in stats). Automode ON.
Session Time: Mon Nov 18 03:08:57 2002
[03:08] <#Mystical> mIRCStats updated (47332 lines, 7 days analyzed, 164 nicks in stats). Automode ON.
[19:57] <#Mystical> mIRCStats updated (50209 lines, 7 days analyzed, 175 nicks in stats). Automode ON.
Session Time: Tue Nov 19 13:13:33 2002
[13:13] <#Mystical> mIRCStats updated (54338 lines, 8 days analyzed, 187 nicks in stats). Automode ON.
[17:11] <#Mystical> mIRCStats updated (54637 lines, 8 days analyzed, 189 nicks in stats). Automode ON.
[18:15] <#Mystical> mIRCStats updated (54834 lines, 8 days analyzed, 189 nicks in stats). Automode ON.
[19:16] <#Mystical> mIRCStats updated (55164 lines, 8 days analyzed, 191 nicks in stats). Automode ON.
[19:18] <#House-of-Insults> mIRCStats updated (4617 lines, 6 days analyzed, 6 nicks in stats). Automode ON.
[20:27] <#Mystical> mIRCStats updated (55510 lines, 8 days analyzed, 192 nicks in stats). Automode ON.
Session Time: Wed Nov 20 00:48:29 2002
[00:48] <#Mystical> mIRCStats updated (57812 lines, 9 days analyzed, 200 nicks in stats). Automode ON.
[03:22] <#House-of-Insults> mIRCStats updated (4695 lines, 7 days analyzed, 6 nicks in stats). Automode ON.
[04:06] <#Mystical> mIRCStats updated (58390 lines, 9 days analyzed, 202 nicks in stats).
[04:11] <#Mystical> mIRCStats updated (58394 lines, 9 days analyzed, 202 nicks in stats). Automode ON.
[10:12] <#Mystical> mIRCStats updated (699 lines, 1 days analyzed, 6 nicks in stats). Automode ON.
[18:01] <#Mystical> mIRCStats updated (4296 lines, 1 days analyzed, 39 nicks in stats). Automode ON.
Session Time: Thu Nov 21 00:22:10 2002
[00:22] <#Mystical> mIRCStats updated (7931 lines, 2 days analyzed, 67 nicks in stats). Automode ON.
[04:49] <#Mystical> mIRCStats updated (10688 lines, 2 days analyzed, 82 nicks in stats). Automode ON.
[12:46] <#Mystical> mIRCStats updated (15222 lines, 2 days analyzed, 92 nicks in stats). Automode ON.
[18:33] <#Mystical> mIRCStats updated (17423 lines, 2 days analyzed, 102 nicks in stats). Automode ON.
Session Time: Fri Nov 22 00:00:45 2002
[00:00] <#Mystical> mIRCStats updated (21000 lines, 2 days analyzed, 120 nicks in stats). Automode ON.
[00:27] <#house-of-insults> mIRCStats updated (1256 lines, 2 days analyzed, 4 nicks in stats). Automode ON.
[06:49] <#Mystical> mIRCStats updated (24949 lines, 3 days analyzed, 133 nicks in stats). Automode ON.
Session Time: Sat Nov 23 04:46:28 2002
[04:46] <#Mystical> mIRCStats updated (30373 lines, 4 days analyzed, 149 nicks in stats). Automode ON.
[12:22] <#Mystical> mIRCStats updated (30674 lines, 4 days analyzed, 150 nicks in stats). Automode ON.
[17:12] <#Mystical> mIRCStats updated (31054 lines, 4 days analyzed, 152 nicks in stats). Automode ON.
[20:47] <#Mystical> mIRCStats updated (32784 lines, 4 days analyzed, 157 nicks in stats). Automode ON.
Session Time: Sun Nov 24 02:19:24 2002
[02:19] <#Mystical> mIRCStats updated (35437 lines, 5 days analyzed, 166 nicks in stats). Automode ON.
[04:58] <#Mystical> mIRCStats updated (36764 lines, 5 days analyzed, 166 nicks in stats).
[05:03] <#Mystical> mIRCStats updated (36814 lines, 5 days analyzed, 166 nicks in stats). Automode ON.
[05:28] <#StrangeScript> mIRCStats updated (22085 lines, 5 days analyzed, 77 nicks in stats).
[06:50] <#Mystical> mIRCStats updated (37046 lines, 5 days analyzed, 170 nicks in stats). Automode ON.
[06:51] <#StrangeScript> mIRCStats updated (22735 lines, 5 days analyzed, 78 nicks in stats). Automode ON.
[14:56] <#Mystical> mIRCStats updated (39661 lines, 5 days analyzed, 177 nicks in stats). Automode ON.
[14:56] <#Mystical> mIRCStats updated (39661 lines, 5 days analyzed, 177 nicks in stats). Automode ON.
[23:56] <#Mystical> mIRCStats updated (45337 lines, 5 days analyzed, 195 nicks in stats). Automode ON.
Session Time: Mon Nov 25 03:45:59 2002
[03:45] <#Mystical> mIRCStats updated (46522 lines, 6 days analyzed, 201 nicks in stats). Automode ON.
Session Time: Tue Nov 26 00:31:26 2002
[00:31] <#house-of-insults> mIRCStats updated (5109 lines, 7 days analyzed, 12 nicks in stats). Automode ON.
[14:01] <#Mystical> mIRCStats updated (55925 lines, 7 days analyzed, 227 nicks in stats). Automode ON.
Session Time: Wed Nov 27 00:56:31 2002
[00:56] <#Mystical> mIRCStats updated (58860 lines, 8 days analyzed, 236 nicks in stats). Automode ON.
Session Time: Thu Nov 28 04:52:07 2002
[04:52] <#Mystical> mIRCStats updated (64462 lines, 9 days analyzed, 281 nicks in stats). Automode ON.
[11:06] <#Mystical> mIRCStats updated (65471 lines, 9 days analyzed, 286 nicks in stats). Automode ON.
Session Time: Sat Jul 05 23:00:30 2003
[23:00] <#StrangeScript> mIRCStats updated (7 lines, 1 days analyzed, 1 nicks in stats).
[23:13] <#StrangeScript> mIRCStats updated (72 lines, 1 days analyzed, 2 nicks in stats). Automode ON.
[23:13] <#StrangeScript> mIRCStats updated (72 lines, 1 days analyzed, 2 nicks in stats). Automode ON.
[23:19] <#StrangeScript> mIRCStats updated (94 lines, 1 days analyzed, 2 nicks in stats). Automode ON.
[23:46] <#StrangeScript> mIRCStats updated (107 lines, 1 days analyzed, 2 nicks in stats). Automode ON.
Session Time: Sun Jul 06 01:56:40 2003
[01:56] <#StrangeScript> mIRCStats updated (135 lines, 2 days analyzed, 2 nicks in stats). Automode ON.
[03:11] <#StrangeScript> mIRCStats updated (242 lines, 2 days analyzed, 3 nicks in stats). Automode ON.
[17:06] <#StrangeScript> mIRCStats updated (312 lines, 2 days analyzed, 4 nicks in stats). Automode ON.
Session Time: Mon Jul 07 00:45:08 2003
[00:45] <#StrangeScript> mIRCStats updated (542 lines, 3 days analyzed, 5 nicks in stats). Automode ON.
[20:22] <#StrangeScript> mIRCStats updated (639 lines, 3 days analyzed, 8 nicks in stats). Automode ON.
Session Time: Wed Jul 09 06:22:04 2003
[06:22] <#StrangeScript> mIRCStats updated (652 lines, 5 days analyzed, 8 nicks in stats). Automode ON.
[06:47] <#StrangeScript> mIRCStats updated (656 lines, 5 days analyzed, 8 nicks in stats). Automode ON.
[21:43] <#StrangeScript> mIRCStats updated (1152 lines, 5 days analyzed, 10 nicks in stats). Automode ON.
Session Time: Thu Jul 10 00:50:38 2003
[00:50] <#StrangeScript> mIRCStats updated (1245 lines, 6 days analyzed, 11 nicks in stats). Automode ON.
[10:07] <#StrangeScript> mIRCStats updated (1623 lines, 6 days analyzed, 11 nicks in stats). Automode ON.
[19:26] <#StrangeScript> mIRCStats updated (1629 lines, 6 days analyzed, 11 nicks in stats). Automode ON.
[21:08] <#StrangeScript> mIRCStats updated (1696 lines, 6 days analyzed, 11 nicks in stats). Automode ON.
[21:11] <#StrangeScript> mIRCStats updated (1712 lines, 6 days analyzed, 11 nicks in stats). Automode ON.
[21:14] <#StrangeScript> mIRCStats updated (1740 lines, 6 days analyzed, 11 nicks in stats). Automode ON.
[21:17] <#StrangeScript> mIRCStats updated (1770 lines, 6 days analyzed, 11 nicks in stats). Automode ON.
[22:52] <#StrangeScript> mIRCStats updated (2329 lines, 6 days analyzed, 11 nicks in stats). Automode ON.
Session Time: Fri Jul 11 02:07:04 2003
[02:07] <#StrangeScript> mIRCStats updated (3016 lines, 7 days analyzed, 15 nicks in stats). Automode ON.
[14:52] <#StrangeScript> mIRCStats updated (3918 lines, 7 days analyzed, 15 nicks in stats). Automode ON.
Session Time: Sat Jul 12 03:24:19 2003
[03:24] <#StrangeScript> mIRCStats updated (4141 lines, 8 days analyzed, 16 nicks in stats). Automode ON.
[04:50] <#StrangeScript> mIRCStats updated (4295 lines, 8 days analyzed, 17 nicks in stats). Automode ON.
[13:56] <#StrangeScript> mIRCStats updated (5252 lines, 8 days analyzed, 20 nicks in stats). Automode ON.
Session Time: Sun Jul 13 00:40:11 2003
[00:40] <#StrangeScript> mIRCStats updated (5814 lines, 9 days analyzed, 22 nicks in stats). Automode ON.
Session Time: Mon Jul 14 07:47:47 2003
[07:47] <#StrangeScript> mIRCStats updated (6713 lines, 10 days analyzed, 25 nicks in stats). Automode ON.
Session Time: Tue Jul 15 06:05:06 2003
[06:05] <#StrangeScript> mIRCStats updated (7220 lines, 11 days analyzed, 26 nicks in stats). Automode ON.
Session Time: Wed Jul 16 06:16:18 2003
[06:16] <#StrangeScript> mIRCStats updated (7809 lines, 12 days analyzed, 27 nicks in stats). Automode ON.
[08:50] <#StrangeScript> mIRCStats updated (7891 lines, 12 days analyzed, 27 nicks in stats). Automode ON.
Session Time: Thu Jul 17 01:23:20 2003
[01:23] <#StrangeScript> mIRCStats updated (8254 lines, 13 days analyzed, 28 nicks in stats). Automode ON.
[16:57] <#StrangeScript> mIRCStats updated (9084 lines, 13 days analyzed, 29 nicks in stats). Automode ON.
Session Time: Fri Jul 18 14:42:05 2003
[14:42] <#StrangeScript> mIRCStats updated (9392 lines, 14 days analyzed, 31 nicks in stats). Automode ON.
Session Time: Sat Jul 19 07:45:00 2003
[07:45] <#StrangeScript> mIRCStats updated (9636 lines, 15 days analyzed, 31 nicks in stats). Automode ON.
[21:25] <#StrangeScript> mIRCStats updated (10143 lines, 15 days analyzed, 32 nicks in stats). Automode ON.
Session Time: Sun Jul 20 16:18:25 2003
[16:18] <#StrangeScript> mIRCStats updated (11037 lines, 16 days analyzed, 32 nicks in stats). Automode ON.
Session Time: Mon Jul 21 06:42:40 2003
[06:42] <#StrangeScript> mIRCStats updated (11639 lines, 17 days analyzed, 32 nicks in stats). Automode ON.
Session Time: Tue Jul 22 20:46:11 2003
[20:46] <#StrangeScript> mIRCStats updated (11890 lines, 18 days analyzed, 34 nicks in stats). Automode ON.
Session Time: Thu Jul 24 02:29:38 2003
[02:29] <#StrangeScript> mIRCStats updated (13489 lines, 20 days analyzed, 34 nicks in stats). Automode ON.
Session Time: Sat Jul 26 11:01:52 2003
[11:01] <#StrangeScript> mIRCStats updated (14059 lines, 22 days analyzed, 37 nicks in stats). Automode ON.
[19:29] <#StrangeScript> mIRCStats updated (14213 lines, 22 days analyzed, 38 nicks in stats). Automode ON.
Session Time: Sun Jul 27 18:03:58 2003
[18:03] <#StrangeScript> mIRCStats updated (14967 lines, 23 days analyzed, 39 nicks in stats). Automode ON.
[18:13] <#StrangeScript> mIRCStats updated (14968 lines, 23 days analyzed, 39 nicks in stats). Automode ON.
Session Time: Mon Jul 28 19:33:43 2003
[19:33] <#StrangeScript> mIRCStats updated (17278 lines, 24 days analyzed, 41 nicks in stats). Automode ON.
Session Time: Wed Jul 30 02:28:29 2003
[02:28] <#StrangeScript> mIRCStats updated (18789 lines, 26 days analyzed, 45 nicks in stats). Automode ON.
[02:29] <#StrangeScript> mIRCStats updated (18790 lines, 26 days analyzed, 45 nicks in stats). Automode ON.
[20:05] <#StrangeScript> mIRCStats updated (19243 lines, 26 days analyzed, 47 nicks in stats). Automode ON.
Session Time: Sun Aug 03 16:33:13 2003
[16:33] <#StrangeScript> mIRCStats updated (21236 lines, 30 days analyzed, 47 nicks in stats). Automode ON.
Session Time: Wed Aug 06 00:26:18 2003
[00:26] <#StrangeScript> mIRCStats updated (22122 lines, 33 days analyzed, 49 nicks in stats). Automode ON.
[03:15] <#UnholyOnline> mIRCStats updated (13 lines, 1 days analyzed, 3 nicks in stats). Automode ON.
[15:38] <#UnholyOnline> mIRCStats updated (542 lines, 1 days analyzed, 17 nicks in stats). Automode ON.
[16:59] <#StrangeScript> mIRCStats updated (24211 lines, 33 days analyzed, 55 nicks in stats). Automode ON.
[17:00] <#UnholyOnline> mIRCStats updated (558 lines, 1 days analyzed, 17 nicks in stats). Automode ON.
[18:47] <#UnholyOnline> mIRCStats updated (617 lines, 1 days analyzed, 17 nicks in stats). Automode ON.
[18:48] <#StrangeScript> mIRCStats updated (24628 lines, 33 days analyzed, 56 nicks in stats). Automode ON.
Session Time: Thu Aug 07 00:09:07 2003
[00:09] <#UnholyOnline> mIRCStats updated (2016 lines, 2 days analyzed, 33 nicks in stats). Automode ON.
[01:40] <#UnholyOnline> mIRCStats updated (2649 lines, 2 days analyzed, 34 nicks in stats). Automode ON.
[07:15] <#StrangeScript> mIRCStats updated (26614 lines, 34 days analyzed, 68 nicks in stats). Automode ON.
[07:15] <#UnholyOnline> mIRCStats updated (3837 lines, 2 days analyzed, 34 nicks in stats). Automode ON.
[07:16] <#UnholyOnline> mIRCStats updated (3837 lines, 2 days analyzed, 34 nicks in stats). Automode ON.
[07:17] <#UnholyOnline> mIRCStats updated (3837 lines, 2 days analyzed, 34 nicks in stats). Automode ON.
[09:23] <#StrangeScript> mIRCStats updated (27278 lines, 34 days analyzed, 73 nicks in stats). Automode ON.
[09:24] <#UnholyOnline> mIRCStats updated (4009 lines, 2 days analyzed, 34 nicks in stats). Automode ON.
[15:18] <#UnholyOnline> mIRCStats updated (5319 lines, 2 days analyzed, 38 nicks in stats). Automode ON.
[17:20] <#StrangeScript> mIRCStats updated (27908 lines, 34 days analyzed, 74 nicks in stats). Automode ON.
[21:49] <#UnholyOnline> mIRCStats updated (7358 lines, 2 days analyzed, 42 nicks in stats). Automode ON.
Session Time: Fri Aug 08 00:40:08 2003
[00:40] <#UnholyOnline> mIRCStats updated (9046 lines, 3 days analyzed, 49 nicks in stats). Automode ON.
[00:40] <#StrangeScript> mIRCStats updated (28332 lines, 35 days analyzed, 76 nicks in stats). Automode ON.
[00:51] <#UnholyOnline> mIRCStats updated (9123 lines, 3 days analyzed, 37 nicks in stats). Automode ON.
[08:31] <#UnholyOnline> mIRCStats updated (10843 lines, 3 days analyzed, 40 nicks in stats). Automode ON.
[08:32] <#StrangeScript> mIRCStats updated (29145 lines, 35 days analyzed, 76 nicks in stats). Automode ON.
[13:44] <#UnholyOnline> mIRCStats updated (12778 lines, 3 days analyzed, 41 nicks in stats). Automode ON.
[15:20] <#UnholyOnline> mIRCStats updated (13457 lines, 3 days analyzed, 44 nicks in stats). Automode ON.
[21:20] <#UnholyOnline> mIRCStats updated (14301 lines, 3 days analyzed, 44 nicks in stats). Automode ON.
Session Time: Sat Aug 09 02:27:57 2003
[02:27] <#UnholyOnline> mIRCStats updated (16023 lines, 4 days analyzed, 45 nicks in stats). Automode ON.
[02:28] <#StrangeScript> mIRCStats updated (31211 lines, 36 days analyzed, 80 nicks in stats). Automode ON.
[11:33] <#UnholyOnline> mIRCStats updated (16564 lines, 4 days analyzed, 46 nicks in stats). Automode ON.
[15:24] <#UnholyOnline> mIRCStats updated (18252 lines, 4 days analyzed, 53 nicks in stats). Automode ON.
[23:30] <#StrangeScript> mIRCStats updated (34043 lines, 36 days analyzed, 89 nicks in stats). Automode ON.
Session Time: Sun Aug 10 19:01:31 2003
[19:01] <#UnholyOnline> mIRCStats updated (21469 lines, 5 days analyzed, 60 nicks in stats). Automode ON.
[19:32] <#StrangeScript> mIRCStats updated (35138 lines, 37 days analyzed, 90 nicks in stats). Automode ON.
Session Time: Tue Aug 19 20:40:03 2003
[20:40] <#StrangeScript> mIRCStats updated (39277 lines, 46 days analyzed, 96 nicks in stats). Automode ON.
