
Session Start: Mon Jan 01 19:15:48 2007
Session Ident: #opers
(19:15:48)   º( Join )º( Strange` )º( dana@xXx-3B306654 )º
(19:15:48)   º( Auto Setup )º( #opers )º( HALTED )º( Rumble Mode )º( ON )º
(19:15:48)   º( Speed )º( Join )º( #opers )º( Synched in: )º( 0.063 secs )º
(19:15:48)  º(COS)º( Server Notice )º( Your nick!user@host-mask is now (Strange`!author@cos.selfip.biz) - To disable ident set change it manually by /setident'ing again )º
(19:15:51)  º(COS)º( Watch Info )º( You have 10 and are on 1 WATCH entries )º
(19:16:12)  º(COS)º( Strange` )º( is using modes )º( +iowghaAsxNt +kcfvGqso )º
(19:16:12)  º(COS)º( Strange` )º( is connecting from )º( *@localhost 127.0.0.1 )º
(19:16:12)  º(COS)º( Strange` )º( is available for )º( help. )º
(19:16:12)  º(COS)º( ========================================================= )º
(19:16:12)  º(COS)º( Whois Reply )º
(19:16:12)  º(COS)º( NickName )º( Strange` )º
(19:16:12)  º(COS)º( Name )º( dana )º
(19:16:12)  º(COS)º( User Host )º( author@cos.selfip.biz )º
(19:16:12)  º(COS)º( Server )º( cos.selfip.biz )º( we-have-a-code-yellow-people )º
(19:16:12)  º(COS)º( Idle )º( 26secs )º
(19:16:12)  º(COS)º( LogOn Time )º( Mon Jan 01 19:16:55 2007 )º
(19:16:12)  º(COS)º( Channels )º( @#opers @#StrangeOut @#COS @# )º
(19:16:12)  º(COS)º( Extra )º( Strange` is a Network Administrator )º
(19:16:12)  º(COS)º( Done )º
(19:16:13)  º(COS)º( ========================================================= )º
(19:16:17)  º(COS)º( Auto Nick Recover )º( Strange )º( Attempting to Recover Nickname )º
(19:16:17)   º( Nick )º( Strange` )º( #opers )º( Will now be known as )º( Strange )º
(19:16:17)  º(COS)º( Auto Nick Recover )º( Strange )º( Attempting to Recover Nickname )º
(19:16:17)  º(COS)º( NotifyOff )º( Strange` )º( is now offline )º
(19:16:17)  º(COS)º( NotifyOn )º( Strange )º( is now online )º( Notes: Just Watching )º
(19:16:18)  º(COS)º( Strange )º( is using modes )º( +iowghaAsxNt +kcfvGqso )º
(19:16:18)  º(COS)º( Strange )º( is connecting from )º( *@localhost 127.0.0.1 )º
(19:16:18)  º(COS)º( Strange )º( is available for )º( help. )º
(19:16:18)  º(COS)º( ========================================================= )º
(19:16:18)  º(COS)º( Whois Reply )º
(19:16:18)  º(COS)º( NickName )º( Strange )º
(19:16:18)  º(COS)º( Name )º( dana )º
(19:16:18)  º(COS)º( User Host )º( author@cos.selfip.biz )º
(19:16:18)  º(COS)º( Server )º( cos.selfip.biz )º( we-have-a-code-yellow-people )º
(19:16:18)  º(COS)º( Idle )º( 31secs )º
(19:16:18)  º(COS)º( LogOn Time )º( Mon Jan 01 19:16:55 2007 )º
(19:16:18)  º(COS)º( Channels )º( @#opers @#StrangeOut @#COS @# )º
(19:16:18)  º(COS)º( Extra )º( Strange is a Network Administrator )º
(19:16:18)  º(COS)º( Done )º
(19:16:18)  º(COS)º( ========================================================= )º
(19:16:30)   º( Part )º( Strange )º( dana@xXx-3B306654 )º
Session Close: Mon Jan 01 19:16:30 2007
