
Session Start: Thu Jan 04 00:52:55 2007
Session Ident: #opers
(00:52:55)   º( Join )º( Strange )º( dana@xXx-3B306654 )º
(00:52:55)   º( Auto Setup )º( #opers )º( HALTED )º( Rumble Mode )º( ON )º
(00:52:55)   º( Speed )º( Join )º( #opers )º( Synched in: )º( 0.046 secs )º
(00:52:55)  º(DALnet)º( Server Notice )º( *** Got Ident response )º
(00:52:56)  º(DALnet)º( Server Info )º( There are 132 users and 32878 invisible on 40 servers )º
(00:52:56)  º(DALnet)º( Server Info )º( 82 IRC Operators online )º
(00:52:56)  º(DALnet)º( Server Info )º( 15672 channels formed )º
(00:52:56)  º(DALnet)º( Server Info )º( I have 7113 clients and 1 servers )º
(00:52:56)  º(DALnet)º( Server Info )º( Current local users: 7113 Max: 12719 )º
(00:52:56)  º(DALnet)º( Server Info )º( Current global users: 33010 Max: 44818 )º
(00:52:56)  º(DALnet)º( Server Notice )º( *** Notice -- motd was last changed at 20/10/2006 19:06 )º
(00:52:56) NOTICE(DALnet): º( NickServ )º  This nick is owned by someone else. Please choose another.
(00:52:56) NOTICE(DALnet): º( NickServ )º  If this is your nick, type: /msg NickServ@services.dal.net IDENTIFY <password>
(00:52:56) NOTICE(DALnet): º( NickServ )º  Your nick will be changed in 60 seconds if you do not comply.
(00:52:56)  º(DALnet)º( Server Connect Count )º( 16515 )º( Using: )º( StrangeScript v6.21.12.19.2006 )º
(00:52:56)  º(DALnet)º( Auto-Identify )º( ON )º( You are being Auto-Identified using )º( ripmeagain )º
(00:52:56)  º(DALnet)º( Server )º( Set at )º( DALnet )º
(00:52:56)  º(DALnet)º( Rumble Mode )º( ON )º
(00:53:01)   º( Part )º( Strange )º( dana@xXx-3B306654 )º
Session Close: Thu Jan 04 00:53:01 2007
