
Session Start: Mon Jan 15 03:52:32 2007
Session Ident: #opers
(03:52:32)   º( Join )º( Strange )º( dana@xXx-3B306654 )º
(03:52:32)   º( Auto Setup )º( #opers )º( HALTED )º( Rumble Mode )º( ON )º
(03:52:32)   º( Speed )º( Join )º( #opers )º( Synched in: )º( 0.063 secs )º
(03:52:33)  º(DALnet)º( Server Notice )º( *** Got Ident response )º
(03:52:33)  º(DALnet)º( Server Info )º( There are 134 users and 33042 invisible on 40 servers )º
(03:52:33)  º(DALnet)º( Server Info )º( 85 IRC Operators online )º
(03:52:33)  º(DALnet)º( Server Info )º( 15758 channels formed )º
(03:52:33)  º(DALnet)º( Server Info )º( I have 9603 clients and 1 servers )º
(03:52:33)  º(DALnet)º( Server Info )º( Current local users: 9603 Max: 12719 )º
(03:52:33)  º(DALnet)º( Server Info )º( Current global users: 33176 Max: 44818 )º
(03:52:33)  º(DALnet)º( Server Notice )º( *** Notice -- motd was last changed at 20/10/2006 19:06 )º
(03:52:33) NOTICE(DALnet): º( NickServ )º  This nick is owned by someone else. Please choose another.
(03:52:33) NOTICE(DALnet): º( NickServ )º  If this is your nick, type: /msg NickServ@services.dal.net IDENTIFY <password>
(03:52:33) NOTICE(DALnet): º( NickServ )º  Your nick will be changed in 60 seconds if you do not comply.
(03:52:33)  º(DALnet)º( Server Connect Count )º( 16547 )º( Using: )º( StrangeScript v6.21.12.19.2006 )º
(03:52:34)  º(DALnet)º( Auto-Identify )º( ON )º( You are being Auto-Identified using )º( ripmeagain )º
(03:52:34)  º(DALnet)º( Server )º( Set at )º( DALnet )º
(03:52:34)  º(DALnet)º( Rumble Mode )º( ON )º
(03:52:34)  º(COS)º( Server Notice )º( Your nick!user@host-mask is now (Strange!author@cos.selfip.biz) - To disable ident set change it manually by /setident'ing again )º
(03:52:36)  º(DALnet)º( ERROR )º( /hidden.rooms )º( #house-of-insults )º( This error happens when the room modes are null )º
Session Close: Mon Jan 15 05:09:24 2007

Session Start: Mon Jan 15 05:09:24 2007
Session Ident: #opers
(05:09:25) * Disconnected
Session Close: Mon Jan 15 05:09:29 2007

Session Start: Mon Jan 15 11:49:43 2007
Session Ident: #opers
(11:49:43)   º( Join )º( Strange )º( dana@xXx-3B306654 )º
(11:49:43)   º( Auto Setup )º( #opers )º( HALTED )º( Rumble Mode )º( ON )º
(11:49:43)   º( Speed )º( Join )º( #opers )º( Synched in: )º( 0.047 secs )º
(11:49:43)  º(COS)º( Server Notice )º( Your nick!user@host-mask is now (Strange!author@cos.selfip.biz) - To disable ident set change it manually by /setident'ing again )º
(11:49:45)  º(DALnet)º( ERROR )º( /hidden.rooms )º( #house-of-insults )º( This error happens when the room modes are null )º
(11:49:47)   º( Part )º( Strange )º( dana@xXx-3B306654 )º
Session Close: Mon Jan 15 11:49:47 2007
