
Session Start: Sun Feb 04 01:54:31 2007
Session Ident: Tricknology
(01:54:31) DCC Chat session
(01:54:31) Client: Tricknology (12.181.12.71)
(01:54:31) Time: Sun Feb 04 01:54:31 2007
(01:54:31) Acknowledging chat request...
(01:54:31) DCC Chat connection established
(01:54:38) <shambles> well it worked
(01:54:39) <Tricknology> you should have a meth lab
(01:54:47) <shambles> love that stuiff
(01:54:59) <shambles> but florida made it to hard to get the pills
(01:55:18) <Tricknology> you would have to steal them or get a shitload of ppl to get one box each i guess
(01:55:34) <Tricknology> i have never even made it and only done it a handful of times but i like the stuff
(01:55:35) <shambles> yeah and here meth labs are long jail terms
(01:55:47) <Tricknology> i had some that was anahydrous or whatever i guess t hat just means ice basically
(01:55:55) <Tricknology> i think thats every where
(01:55:57) <shambles> all i do is ice
(01:55:59) <Tricknology> big time 
(01:56:20) <shambles> in texas man itr was everywhere
(01:56:31) <Tricknology> yeah i would take either and id rather have a fresh insulin syringe to go with it bu i only shot it once, and a small dose
(01:56:38) <shambles> they were like throwing coke at you cause the money was in ice
(01:57:00) <shambles> my friend down the road stroked out on booting ice
(01:57:07) <Tricknology> damn
(01:57:18) <Tricknology> well i would just have to get a batch and start small
(01:57:34) <Tricknology> mostly i have only shot coke, that took me over for a few montsh or so
(01:57:49) <shambles> ah i am a baser
(01:58:11) <Tricknology> the dude that helped me get my start in shooting preferred smoking
(01:58:17) <shambles> dont shoot anything
(01:58:20) <Tricknology> but i find shooting and snorting the most pleasing
(01:58:30) <shambles> snorting is a wastye to me
(01:58:45) <Tricknology> if i snort 1/4 gram of good shit or so
(01:59:00) <Tricknology> thats a pretty good feeling 
(01:59:10) <shambles> just aint the same to me
(01:59:49) <Tricknology> most  of the t imes when i smoked it was crack but one dude just heated some in water and stirred it until he got some little base pebbles and i smoked some of that
(02:00:03) <Tricknology> smoking just usually makes me jittery more than anything
(02:00:29) <Tricknology> but shooting that shit can be like heaven or whatever you want to call it
(02:00:31) <shambles> need to use baking soida
(02:00:37) <shambles> soda
(02:00:54) <Tricknology> it seemed like he just put the coke in and stirred around with a bent fork
(02:00:58) <shambles> and man fuck the little pebbles need to do 1/4 or 1/2 grams at once
(02:01:11) <shambles> na sucked then
(02:01:18) <Tricknology> but when i got crack i knwo it had baking soda and who knows what else in i t
(02:01:28) <shambles> need to take out the cut and shit and it only comes back right with soda
(02:01:59) <shambles> i have been cooking cookies since i was 16 man
(02:02:15) <shambles> i can do it 5 different ways even with ammonia
(02:02:19) <Tricknology> well i dont know much about that but i can draw up my own shot and administer it
(02:02:59) <shambles> well dawn wants to get back to the stargate atlantis we just downloaded...
(02:03:15) <Tricknology> but just from my experience smoking wasnt as good lol i am willing to try yours though
(02:03:23) <shambles> i'll talk to you in an hour or so if your still on
(02:03:31) <shambles> mine rocks
(02:03:35) <shambles> litterly
(02:03:56) <shambles> let me know when you get a ball ill head up and show you :)\
(02:04:00) <Tricknology> i will go to bed cuz i work tomorrow at 11
(02:04:06) <shambles> ok
(02:04:08) <shambles> night
(02:04:11) <Tricknology> but ill prob be on for a while about every night 
(02:04:15) <Tricknology> ill look you up later
(02:04:19) <shambles> k
(02:04:21)  º(DALnet)º( MultiLink )º( Tricknology )º( Link has been broken )º
Session Close: Sun Feb 04 02:04:22 2007
